CRITICAL - 2023-02-20 06:10:04 --> Invalid argument supplied for foreach()
in APPPATH\Views\dashboard.php on line 68.
 1 APPPATH\Views\dashboard.php(68): CodeIgniter\Debug\Exceptions->errorHandler(2, 'Invalid argument supplied for foreach()', 'APPPATH\\Views\\dashboard.php', 68, [...])
 2 SYSTEMPATH\View\View.php(213): include('APPPATH\\Views\\dashboard.php')
 3 SYSTEMPATH\View\View.php(216): CodeIgniter\View\View->CodeIgniter\View\{closure}()
 4 SYSTEMPATH\Common.php(1135): CodeIgniter\View\View->render('dashboard', [], true)
 5 APPPATH\Views\template.php(177): view('dashboard')
 6 SYSTEMPATH\View\View.php(213): include('APPPATH\\Views\\template.php')
 7 SYSTEMPATH\View\View.php(216): CodeIgniter\View\View->CodeIgniter\View\{closure}()
 8 SYSTEMPATH\Common.php(1135): CodeIgniter\View\View->render('template', [], true)
 9 APPPATH\Controllers\Dashboard.php(45): view('template', [...])
10 SYSTEMPATH\CodeIgniter.php(925): App\Controllers\Dashboard->index()
11 SYSTEMPATH\CodeIgniter.php(480): CodeIgniter\CodeIgniter->runController(Object(App\Controllers\Dashboard))
12 SYSTEMPATH\CodeIgniter.php(349): CodeIgniter\CodeIgniter->handleRequest(null, Object(Config\Cache), false)
13 FCPATH\index.php(67): CodeIgniter\CodeIgniter->run()
14 SYSTEMPATH\Commands\Server\rewrite.php(47): require_once('FCPATH\\index.php')
CRITICAL - 2023-02-20 06:59:19 --> Invalid argument supplied for foreach()
in APPPATH\Views\dashboard.php on line 68.
 1 APPPATH\Views\dashboard.php(68): CodeIgniter\Debug\Exceptions->errorHandler(2, 'Invalid argument supplied for foreach()', 'APPPATH\\Views\\dashboard.php', 68, [...])
 2 SYSTEMPATH\View\View.php(213): include('APPPATH\\Views\\dashboard.php')
 3 SYSTEMPATH\View\View.php(216): CodeIgniter\View\View->CodeIgniter\View\{closure}()
 4 SYSTEMPATH\Common.php(1135): CodeIgniter\View\View->render('dashboard', [], true)
 5 APPPATH\Views\template.php(177): view('dashboard')
 6 SYSTEMPATH\View\View.php(213): include('APPPATH\\Views\\template.php')
 7 SYSTEMPATH\View\View.php(216): CodeIgniter\View\View->CodeIgniter\View\{closure}()
 8 SYSTEMPATH\Common.php(1135): CodeIgniter\View\View->render('template', [], true)
 9 APPPATH\Controllers\Dashboard.php(45): view('template', [...])
10 SYSTEMPATH\CodeIgniter.php(925): App\Controllers\Dashboard->index()
11 SYSTEMPATH\CodeIgniter.php(480): CodeIgniter\CodeIgniter->runController(Object(App\Controllers\Dashboard))
12 SYSTEMPATH\CodeIgniter.php(349): CodeIgniter\CodeIgniter->handleRequest(null, Object(Config\Cache), false)
13 FCPATH\index.php(67): CodeIgniter\CodeIgniter->run()
14 SYSTEMPATH\Commands\Server\rewrite.php(47): require_once('FCPATH\\index.php')
CRITICAL - 2023-02-20 07:03:46 --> Invalid argument supplied for foreach()
in APPPATH\Views\dashboard.php on line 68.
 1 APPPATH\Views\dashboard.php(68): CodeIgniter\Debug\Exceptions->errorHandler(2, 'Invalid argument supplied for foreach()', 'APPPATH\\Views\\dashboard.php', 68, [...])
 2 SYSTEMPATH\View\View.php(213): include('APPPATH\\Views\\dashboard.php')
 3 SYSTEMPATH\View\View.php(216): CodeIgniter\View\View->CodeIgniter\View\{closure}()
 4 SYSTEMPATH\Common.php(1135): CodeIgniter\View\View->render('dashboard', [], true)
 5 APPPATH\Views\template.php(177): view('dashboard')
 6 SYSTEMPATH\View\View.php(213): include('APPPATH\\Views\\template.php')
 7 SYSTEMPATH\View\View.php(216): CodeIgniter\View\View->CodeIgniter\View\{closure}()
 8 SYSTEMPATH\Common.php(1135): CodeIgniter\View\View->render('template', [], true)
 9 APPPATH\Controllers\Dashboard.php(45): view('template', [...])
10 SYSTEMPATH\CodeIgniter.php(925): App\Controllers\Dashboard->index()
11 SYSTEMPATH\CodeIgniter.php(480): CodeIgniter\CodeIgniter->runController(Object(App\Controllers\Dashboard))
12 SYSTEMPATH\CodeIgniter.php(349): CodeIgniter\CodeIgniter->handleRequest(null, Object(Config\Cache), false)
13 FCPATH\index.php(67): CodeIgniter\CodeIgniter->run()
14 SYSTEMPATH\Commands\Server\rewrite.php(47): require_once('FCPATH\\index.php')
CRITICAL - 2023-02-20 07:05:27 --> Invalid argument supplied for foreach()
in APPPATH\Views\dashboard.php on line 68.
 1 APPPATH\Views\dashboard.php(68): CodeIgniter\Debug\Exceptions->errorHandler(2, 'Invalid argument supplied for foreach()', 'APPPATH\\Views\\dashboard.php', 68, [...])
 2 SYSTEMPATH\View\View.php(213): include('APPPATH\\Views\\dashboard.php')
 3 SYSTEMPATH\View\View.php(216): CodeIgniter\View\View->CodeIgniter\View\{closure}()
 4 SYSTEMPATH\Common.php(1135): CodeIgniter\View\View->render('dashboard', [], true)
 5 APPPATH\Views\template.php(177): view('dashboard')
 6 SYSTEMPATH\View\View.php(213): include('APPPATH\\Views\\template.php')
 7 SYSTEMPATH\View\View.php(216): CodeIgniter\View\View->CodeIgniter\View\{closure}()
 8 SYSTEMPATH\Common.php(1135): CodeIgniter\View\View->render('template', [], true)
 9 APPPATH\Controllers\Dashboard.php(45): view('template', [...])
10 SYSTEMPATH\CodeIgniter.php(925): App\Controllers\Dashboard->index()
11 SYSTEMPATH\CodeIgniter.php(480): CodeIgniter\CodeIgniter->runController(Object(App\Controllers\Dashboard))
12 SYSTEMPATH\CodeIgniter.php(349): CodeIgniter\CodeIgniter->handleRequest(null, Object(Config\Cache), false)
13 FCPATH\index.php(67): CodeIgniter\CodeIgniter->run()
14 SYSTEMPATH\Commands\Server\rewrite.php(47): require_once('FCPATH\\index.php')
