CRITICAL - 2023-01-08 01:39:36 --> syntax error, unexpected token "}"
in APPPATH/Controllers/Dashboard.php on line 43.
 1 SYSTEMPATH/Autoloader/Autoloader.php(260): CodeIgniter\Autoloader\Autoloader->includeFile('APPPATH/Controllers/Dashboard.php')
 2 SYSTEMPATH/Autoloader/Autoloader.php(238): CodeIgniter\Autoloader\Autoloader->loadInNamespace('App\\Controllers\\Dashboard')
 3 [internal function]: CodeIgniter\Autoloader\Autoloader->loadClass('App\\Controllers\\Dashboard')
 4 SYSTEMPATH/CodeIgniter.php(875): class_exists('\\App\\Controllers\\Dashboard', true)
 5 SYSTEMPATH/CodeIgniter.php(467): CodeIgniter\CodeIgniter->startController()
 6 SYSTEMPATH/CodeIgniter.php(349): CodeIgniter\CodeIgniter->handleRequest(null, Object(Config\Cache), false)
 7 FCPATH/index.php(67): CodeIgniter\CodeIgniter->run()
 8 SYSTEMPATH/Commands/Server/rewrite.php(47): require_once('FCPATH/index.php')
CRITICAL - 2023-01-08 01:47:54 --> The route for "http://localhost:8080/index.php/dashboard" cannot be found.
in SYSTEMPATH/HTTP/RedirectResponse.php on line 60.
 1 SYSTEMPATH/HTTP/RedirectResponse.php(60): CodeIgniter\HTTP\Exceptions\HTTPException::forInvalidRedirectRoute('http://localhost:8080/index.php/dashboard')
 2 SYSTEMPATH/Common.php(861): CodeIgniter\HTTP\RedirectResponse->route(false)
 3 APPPATH/Controllers/Dashboard.php(73): redirect('http://localhost:8080/index.php/dashboard')
 4 SYSTEMPATH/CodeIgniter.php(925): App\Controllers\Dashboard->add()
 5 SYSTEMPATH/CodeIgniter.php(480): CodeIgniter\CodeIgniter->runController(Object(App\Controllers\Dashboard))
 6 SYSTEMPATH/CodeIgniter.php(349): CodeIgniter\CodeIgniter->handleRequest(null, Object(Config\Cache), false)
 7 FCPATH/index.php(67): CodeIgniter\CodeIgniter->run()
 8 SYSTEMPATH/Commands/Server/rewrite.php(47): require_once('FCPATH/index.php')
CRITICAL - 2023-01-08 01:48:52 --> The route for "http://localhost:8080/index.php/dashboard" cannot be found.
in SYSTEMPATH/HTTP/RedirectResponse.php on line 60.
 1 SYSTEMPATH/HTTP/RedirectResponse.php(60): CodeIgniter\HTTP\Exceptions\HTTPException::forInvalidRedirectRoute('http://localhost:8080/index.php/dashboard')
 2 SYSTEMPATH/Common.php(861): CodeIgniter\HTTP\RedirectResponse->route(false)
 3 APPPATH/Controllers/Dashboard.php(74): redirect('http://localhost:8080/index.php/dashboard')
 4 SYSTEMPATH/CodeIgniter.php(925): App\Controllers\Dashboard->add()
 5 SYSTEMPATH/CodeIgniter.php(480): CodeIgniter\CodeIgniter->runController(Object(App\Controllers\Dashboard))
 6 SYSTEMPATH/CodeIgniter.php(349): CodeIgniter\CodeIgniter->handleRequest(null, Object(Config\Cache), false)
 7 FCPATH/index.php(67): CodeIgniter\CodeIgniter->run()
 8 SYSTEMPATH/Commands/Server/rewrite.php(47): require_once('FCPATH/index.php')
CRITICAL - 2023-01-08 01:49:16 --> The route for "http://localhost:8080/index.php/dashboard" cannot be found.
in SYSTEMPATH/HTTP/RedirectResponse.php on line 60.
 1 SYSTEMPATH/HTTP/RedirectResponse.php(60): CodeIgniter\HTTP\Exceptions\HTTPException::forInvalidRedirectRoute('http://localhost:8080/index.php/dashboard')
 2 SYSTEMPATH/Common.php(861): CodeIgniter\HTTP\RedirectResponse->route(false)
 3 APPPATH/Controllers/Dashboard.php(74): redirect('http://localhost:8080/index.php/dashboard')
 4 SYSTEMPATH/CodeIgniter.php(925): App\Controllers\Dashboard->add()
 5 SYSTEMPATH/CodeIgniter.php(480): CodeIgniter\CodeIgniter->runController(Object(App\Controllers\Dashboard))
 6 SYSTEMPATH/CodeIgniter.php(349): CodeIgniter\CodeIgniter->handleRequest(null, Object(Config\Cache), false)
 7 FCPATH/index.php(67): CodeIgniter\CodeIgniter->run()
 8 SYSTEMPATH/Commands/Server/rewrite.php(47): require_once('FCPATH/index.php')
CRITICAL - 2023-01-08 01:53:50 --> Undefined variable $pending
in APPPATH/Views/dashboard.php on line 64.
 1 APPPATH/Views/dashboard.php(64): CodeIgniter\Debug\Exceptions->errorHandler(2, 'Undefined variable $pending', 'APPPATH/Views/dashboard.php', 64)
 2 SYSTEMPATH/View/View.php(213): include('APPPATH/Views/dashboard.php')
 3 SYSTEMPATH/View/View.php(216): CodeIgniter\View\View->CodeIgniter\View\{closure}()
 4 SYSTEMPATH/Common.php(1135): CodeIgniter\View\View->render('dashboard', [], true)
 5 APPPATH/Views/template.php(177): view('dashboard')
 6 SYSTEMPATH/View/View.php(213): include('APPPATH/Views/template.php')
 7 SYSTEMPATH/View/View.php(216): CodeIgniter\View\View->CodeIgniter\View\{closure}()
 8 SYSTEMPATH/Common.php(1135): CodeIgniter\View\View->render('template', [], true)
 9 APPPATH/Controllers/Dashboard.php(44): view('template', [...])
10 SYSTEMPATH/CodeIgniter.php(925): App\Controllers\Dashboard->index()
11 SYSTEMPATH/CodeIgniter.php(480): CodeIgniter\CodeIgniter->runController(Object(App\Controllers\Dashboard))
12 SYSTEMPATH/CodeIgniter.php(349): CodeIgniter\CodeIgniter->handleRequest(null, Object(Config\Cache), false)
13 FCPATH/index.php(67): CodeIgniter\CodeIgniter->run()
14 SYSTEMPATH/Commands/Server/rewrite.php(47): require_once('FCPATH/index.php')
CRITICAL - 2023-01-08 01:55:41 --> Call to undefined function App\Controllers\set_cookie()
in APPPATH/Controllers/Auth.php on line 30.
 1 SYSTEMPATH/CodeIgniter.php(925): App\Controllers\Auth->index()
 2 SYSTEMPATH/CodeIgniter.php(480): CodeIgniter\CodeIgniter->runController(Object(App\Controllers\Auth))
 3 SYSTEMPATH/CodeIgniter.php(349): CodeIgniter\CodeIgniter->handleRequest(null, Object(Config\Cache), false)
 4 FCPATH/index.php(67): CodeIgniter\CodeIgniter->run()
CRITICAL - 2023-01-08 01:55:50 --> Call to undefined function App\Controllers\set_cookie()
in APPPATH/Controllers/Auth.php on line 30.
 1 SYSTEMPATH/CodeIgniter.php(925): App\Controllers\Auth->index()
 2 SYSTEMPATH/CodeIgniter.php(480): CodeIgniter\CodeIgniter->runController(Object(App\Controllers\Auth))
 3 SYSTEMPATH/CodeIgniter.php(349): CodeIgniter\CodeIgniter->handleRequest(null, Object(Config\Cache), false)
 4 FCPATH/index.php(67): CodeIgniter\CodeIgniter->run()
CRITICAL - 2023-01-08 02:02:35 --> Undefined variable $pending
in APPPATH/Views/dashboard.php on line 64.
 1 APPPATH/Views/dashboard.php(64): CodeIgniter\Debug\Exceptions->errorHandler(2, 'Undefined variable $pending', 'APPPATH/Views/dashboard.php', 64)
 2 SYSTEMPATH/View/View.php(213): include('APPPATH/Views/dashboard.php')
 3 SYSTEMPATH/View/View.php(216): CodeIgniter\View\View->CodeIgniter\View\{closure}()
 4 SYSTEMPATH/Common.php(1135): CodeIgniter\View\View->render('dashboard', [], true)
 5 APPPATH/Views/template.php(177): view('dashboard')
 6 SYSTEMPATH/View/View.php(213): include('APPPATH/Views/template.php')
 7 SYSTEMPATH/View/View.php(216): CodeIgniter\View\View->CodeIgniter\View\{closure}()
 8 SYSTEMPATH/Common.php(1135): CodeIgniter\View\View->render('template', [], true)
 9 APPPATH/Controllers/Dashboard.php(44): view('template', [...])
10 SYSTEMPATH/CodeIgniter.php(925): App\Controllers\Dashboard->index()
11 SYSTEMPATH/CodeIgniter.php(480): CodeIgniter\CodeIgniter->runController(Object(App\Controllers\Dashboard))
12 SYSTEMPATH/CodeIgniter.php(349): CodeIgniter\CodeIgniter->handleRequest(null, Object(Config\Cache), false)
13 FCPATH/index.php(67): CodeIgniter\CodeIgniter->run()
14 SYSTEMPATH/Commands/Server/rewrite.php(47): require_once('FCPATH/index.php')
ERROR - 2023-01-08 02:19:09 --> mysqli_sql_exception: Unknown column 'bill' in 'field list' in /Users/saravanadev/amodha/inventory-management/vendor/codeigniter4/framework/system/Database/MySQLi/Connection.php:292
Stack trace:
#0 /Users/saravanadev/amodha/inventory-management/vendor/codeigniter4/framework/system/Database/MySQLi/Connection.php(292): mysqli->query('SELECT SUM(bill...', 0)
#1 /Users/saravanadev/amodha/inventory-management/vendor/codeigniter4/framework/system/Database/BaseConnection.php(666): CodeIgniter\Database\MySQLi\Connection->execute('SELECT SUM(bill...')
#2 /Users/saravanadev/amodha/inventory-management/vendor/codeigniter4/framework/system/Database/BaseConnection.php(593): CodeIgniter\Database\BaseConnection->simpleQuery('SELECT SUM(bill...')
#3 /Users/saravanadev/amodha/inventory-management/vendor/codeigniter4/framework/system/Database/BaseBuilder.php(1585): CodeIgniter\Database\BaseConnection->query('SELECT SUM(bill...', Array, false)
#4 /Users/saravanadev/amodha/inventory-management/app/Controllers/Dashboard.php(43): CodeIgniter\Database\BaseBuilder->get()
#5 /Users/saravanadev/amodha/inventory-management/vendor/codeigniter4/framework/system/CodeIgniter.php(925): App\Controllers\Dashboard->index()
#6 /Users/saravanadev/amodha/inventory-management/vendor/codeigniter4/framework/system/CodeIgniter.php(480): CodeIgniter\CodeIgniter->runController(Object(App\Controllers\Dashboard))
#7 /Users/saravanadev/amodha/inventory-management/vendor/codeigniter4/framework/system/CodeIgniter.php(349): CodeIgniter\CodeIgniter->handleRequest(NULL, Object(Config\Cache), false)
#8 /Users/saravanadev/amodha/inventory-management/public/index.php(67): CodeIgniter\CodeIgniter->run()
#9 /Users/saravanadev/amodha/inventory-management/vendor/codeigniter4/framework/system/Commands/Server/rewrite.php(47): require_once('/Users/saravana...')
#10 {main}
CRITICAL - 2023-01-08 02:19:09 --> Unknown column 'bill' in 'field list'
in SYSTEMPATH/Database/MySQLi/Connection.php on line 292.
 1 SYSTEMPATH/Database/MySQLi/Connection.php(292): mysqli->query('SELECT SUM(bill) as total
FROM `budget`', 0)
 2 SYSTEMPATH/Database/BaseConnection.php(666): CodeIgniter\Database\MySQLi\Connection->execute('SELECT SUM(bill) as total
FROM `budget`')
 3 SYSTEMPATH/Database/BaseConnection.php(593): CodeIgniter\Database\BaseConnection->simpleQuery('SELECT SUM(bill) as total
FROM `budget`')
 4 SYSTEMPATH/Database/BaseBuilder.php(1585): CodeIgniter\Database\BaseConnection->query('SELECT SUM(bill) as total
FROM `budget`', [], false)
 5 APPPATH/Controllers/Dashboard.php(43): CodeIgniter\Database\BaseBuilder->get()
 6 SYSTEMPATH/CodeIgniter.php(925): App\Controllers\Dashboard->index()
 7 SYSTEMPATH/CodeIgniter.php(480): CodeIgniter\CodeIgniter->runController(Object(App\Controllers\Dashboard))
 8 SYSTEMPATH/CodeIgniter.php(349): CodeIgniter\CodeIgniter->handleRequest(null, Object(Config\Cache), false)
 9 FCPATH/index.php(67): CodeIgniter\CodeIgniter->run()
10 SYSTEMPATH/Commands/Server/rewrite.php(47): require_once('FCPATH/index.php')
CRITICAL - 2023-01-08 02:20:38 --> Undefined array key "bill"
in APPPATH/Views/dashboard.php on line 129.
 1 APPPATH/Views/dashboard.php(129): CodeIgniter\Debug\Exceptions->errorHandler(2, 'Undefined array key "bill"', 'APPPATH/Views/dashboard.php', 129)
 2 SYSTEMPATH/View/View.php(213): include('APPPATH/Views/dashboard.php')
 3 SYSTEMPATH/View/View.php(216): CodeIgniter\View\View->CodeIgniter\View\{closure}()
 4 SYSTEMPATH/Common.php(1135): CodeIgniter\View\View->render('dashboard', [], true)
 5 APPPATH/Views/template.php(177): view('dashboard')
 6 SYSTEMPATH/View/View.php(213): include('APPPATH/Views/template.php')
 7 SYSTEMPATH/View/View.php(216): CodeIgniter\View\View->CodeIgniter\View\{closure}()
 8 SYSTEMPATH/Common.php(1135): CodeIgniter\View\View->render('template', [], true)
 9 APPPATH/Controllers/Dashboard.php(45): view('template', [...])
10 SYSTEMPATH/CodeIgniter.php(925): App\Controllers\Dashboard->index()
11 SYSTEMPATH/CodeIgniter.php(480): CodeIgniter\CodeIgniter->runController(Object(App\Controllers\Dashboard))
12 SYSTEMPATH/CodeIgniter.php(349): CodeIgniter\CodeIgniter->handleRequest(null, Object(Config\Cache), false)
13 FCPATH/index.php(67): CodeIgniter\CodeIgniter->run()
14 SYSTEMPATH/Commands/Server/rewrite.php(47): require_once('FCPATH/index.php')
CRITICAL - 2023-01-08 02:20:48 --> Undefined array key "bill"
in APPPATH/Views/dashboard.php on line 129.
 1 APPPATH/Views/dashboard.php(129): CodeIgniter\Debug\Exceptions->errorHandler(2, 'Undefined array key "bill"', 'APPPATH/Views/dashboard.php', 129)
 2 SYSTEMPATH/View/View.php(213): include('APPPATH/Views/dashboard.php')
 3 SYSTEMPATH/View/View.php(216): CodeIgniter\View\View->CodeIgniter\View\{closure}()
 4 SYSTEMPATH/Common.php(1135): CodeIgniter\View\View->render('dashboard', [], true)
 5 APPPATH/Views/template.php(177): view('dashboard')
 6 SYSTEMPATH/View/View.php(213): include('APPPATH/Views/template.php')
 7 SYSTEMPATH/View/View.php(216): CodeIgniter\View\View->CodeIgniter\View\{closure}()
 8 SYSTEMPATH/Common.php(1135): CodeIgniter\View\View->render('template', [], true)
 9 APPPATH/Controllers/Dashboard.php(45): view('template', [...])
10 SYSTEMPATH/CodeIgniter.php(925): App\Controllers\Dashboard->index()
11 SYSTEMPATH/CodeIgniter.php(480): CodeIgniter\CodeIgniter->runController(Object(App\Controllers\Dashboard))
12 SYSTEMPATH/CodeIgniter.php(349): CodeIgniter\CodeIgniter->handleRequest(null, Object(Config\Cache), false)
13 FCPATH/index.php(67): CodeIgniter\CodeIgniter->run()
14 SYSTEMPATH/Commands/Server/rewrite.php(47): require_once('FCPATH/index.php')
CRITICAL - 2023-01-08 10:07:00 --> Class 'Locale' not found
in SYSTEMPATH\CodeIgniter.php on line 186.
 1 FCPATH\index.php(55): CodeIgniter\CodeIgniter->initialize()
CRITICAL - 2023-01-08 10:13:01 --> Class 'Locale' not found
in SYSTEMPATH\CodeIgniter.php on line 186.
 1 ROOTPATH\spark(83): CodeIgniter\CodeIgniter->initialize()
